<?xml version="1.0" encoding="UTF-8"?>
<testsuite name="GrabScabTest" tests="1" skipped="0" failures="0" errors="0" timestamp="2022-09-30T15:00:26" hostname="LUK-5CG01160SZ" time="42.193">
  <properties/>
  <testcase name="givenAStringAndList_WhenCheckingWordInArrayMoreWordsTb4_ThenReturnAnEmpty()" classname="GrabScabTest" time="42.193"/>
  <system-out><![CDATA[]]></system-out>
  <system-err><![CDATA[]]></system-err>
</testsuite>
