<?xml version="1.0" encoding="UTF-8"?>
<testsuite name="GradbookTest" tests="2" skipped="0" failures="0" errors="0" timestamp="2022-10-03T12:16:52" hostname="LUK-5CG01160SZ" time="0.019">
  <properties/>
  <testcase name="GivenThreeScores_WhenCalculatedToGivenAnAverageForB_ThenReturnAnB()" classname="GradbookTest" time="0.018"/>
  <testcase name="GivenThreeScores_WhenCalculatedToGivenAnAverage_ThenReturnAnA()" classname="GradbookTest" time="0.0"/>
  <system-out><![CDATA[]]></system-out>
  <system-err><![CDATA[]]></system-err>
</testsuite>
