<?xml version="1.0" encoding="UTF-8"?>
<testsuite name="GrabScabTest" tests="7" skipped="0" failures="0" errors="0" timestamp="2023-10-03T14:02:43" hostname="Davids-MacBook-Pro.local" time="0.01">
  <properties/>
  <testcase name="givenAStringAndList_WhenCheckingWordInArrayMoreWordsT_ThenReturnAnEmpty()" classname="GrabScabTest" time="0.001"/>
  <testcase name="givenAStringAndList_WhenCheckingWordInArrayMoreWordsTb_ThenReturnAnEmpty()" classname="GrabScabTest" time="0.001"/>
  <testcase name="givenAStringAndList_WhenThereIsAnArray_ThenReturnAList()" classname="GrabScabTest" time="0.0"/>
  <testcase name="givenAStringAndList_WhenCheckingWordInArrayMoreWordsTb4_ThenReturnAnEmpty()" classname="GrabScabTest" time="0.0"/>
  <testcase name="givenAStringAndList_WhenCheckingWordInArrayMoreWordsTb3_ThenReturnAnEmpty()" classname="GrabScabTest" time="0.0"/>
  <testcase name="givenAStringAndList_WhenCheckingWordInArrayMoreWords_ThenReturnAListWithTheWord()" classname="GrabScabTest" time="0.002"/>
  <testcase name="givenAStringAndList_WhenCheckingWordInArray_ThenReturnAListWithTheWord()" classname="GrabScabTest" time="0.0"/>
  <system-out><![CDATA[]]></system-out>
  <system-err><![CDATA[]]></system-err>
</testsuite>
