<?xml version="1.0" encoding="UTF-8"?>
<testsuite name="GradbookTest" tests="2" skipped="0" failures="0" errors="0" timestamp="2023-10-03T14:02:43" hostname="Davids-MacBook-Pro.local" time="0.002">
  <properties/>
  <testcase name="GivenThreeScores_WhenCalculatedToGivenAnAverageForB_ThenReturnAnB()" classname="GradbookTest" time="0.001"/>
  <testcase name="GivenThreeScores_WhenCalculatedToGivenAnAverage_ThenReturnAnA()" classname="GradbookTest" time="0.001"/>
  <system-out><![CDATA[]]></system-out>
  <system-err><![CDATA[]]></system-err>
</testsuite>
