<?xml version="1.0" encoding="UTF-8"?>
<testsuite name="CardGameTest" tests="2" skipped="0" failures="0" errors="0" timestamp="2022-09-27T09:29:50" hostname="LUK-5CG01160SZ" time="0.018">
  <properties/>
  <testcase name="winner_AceBeatsKing_returnStringForWinner()" classname="CardGameTest" time="0.017"/>
  <testcase name="winner_AceBeatsKing_returnDifferentStringForWinner()" classname="CardGameTest" time="0.0"/>
  <system-out><![CDATA[]]></system-out>
  <system-err><![CDATA[]]></system-err>
</testsuite>
