<?xml version="1.0" encoding="UTF-8"?>
<testsuite name="CardGameTest" tests="3" skipped="0" failures="0" errors="0" timestamp="2022-09-27T13:37:05" hostname="LUK-5CG01160SZ" time="0.028">
  <properties/>
  <testcase name="winner_AceBeatsKing_returnStringForWinner()" classname="CardGameTest" time="0.025"/>
  <testcase name="winner_AceBeatsKing_returnDifferentStringForWinner()" classname="CardGameTest" time="0.001"/>
  <testcase name="winner_Given2CardsEach_ThenReturnStringWithWinnerHaving2Points()" classname="CardGameTest" time="0.001"/>
  <system-out><![CDATA[]]></system-out>
  <system-err><![CDATA[]]></system-err>
</testsuite>
