<?xml version="1.0" encoding="UTF-8"?>
<testsuite name="WordScoreTest" tests="1" skipped="0" failures="0" errors="0" timestamp="2022-09-29T16:14:10" hostname="LUK-5CG01160SZ" time="44.834">
  <properties/>
  <testcase name="returnScore_ScorePoints_ReturnString()" classname="WordScoreTest" time="44.834"/>
  <system-out><![CDATA[]]></system-out>
  <system-err><![CDATA[]]></system-err>
</testsuite>
