<?xml version="1.0" encoding="UTF-8"?>
<testsuite name="WordScoreTest" tests="5" skipped="0" failures="0" errors="0" timestamp="2023-10-03T14:02:43" hostname="Davids-MacBook-Pro.local" time="0.004">
  <properties/>
  <testcase name="returnScore_InputString_ReturnAWord()" classname="WordScoreTest" time="0.002"/>
  <testcase name="returnScore_IntroduceScoringForWordInArray_ReturnAStringWord()" classname="WordScoreTest" time="0.0"/>
  <testcase name="returnScore_InputString_ReturnString()" classname="WordScoreTest" time="0.0"/>
  <testcase name="returnScore_ScorePoints_ReturnString()" classname="WordScoreTest" time="0.0"/>
  <testcase name="returnScore_ScorePointsLongSentence_ReturnString()" classname="WordScoreTest" time="0.0"/>
  <system-out><![CDATA[]]></system-out>
  <system-err><![CDATA[]]></system-err>
</testsuite>
