<?xml version="1.0" encoding="UTF-8"?>
<testsuite name="DeodorantTest" tests="2" skipped="0" failures="0" errors="0" timestamp="2023-10-03T14:02:43" hostname="Davids-MacBook-Pro.local" time="0.003">
  <properties/>
  <testcase name="givenParameters_WhenEvaporatorIsUnknown_ThenReturnAnInteger()" classname="DeodorantTest" time="0.001"/>
  <testcase name="givenContentEvaporationThreshold_whenEvaporatorIsUnknown_ThenReturnAnInteger()" classname="DeodorantTest" time="0.001"/>
  <system-out><![CDATA[]]></system-out>
  <system-err><![CDATA[]]></system-err>
</testsuite>
